Starting tick #0
Starting tick #1
Starting tick #2
Starting tick #3
Starting tick #4
Call from Damian a regular member
Call from Chris a silver member
Answering call from Chris
Starting tick #5
Call from Hank a platinum member
Starting tick #6
Answering call from Hank
Starting tick #7
Starting tick #8
Starting tick #9
Call from Nick a gold member
Starting tick #10
Starting tick #11
Starting tick #12
Starting tick #13
Answering call from Nick
Starting tick #14
Starting tick #15
Call from John a gold member
Call from Benny a platinum member
Starting tick #16
Answering call from Benny
Starting tick #17
Starting tick #18
Starting tick #19
Call from Carlos a regular member
Starting tick #20
Starting tick #21
Starting tick #22
Starting tick #23
Starting tick #24
Starting tick #25
Starting tick #26
Answering call from John
Starting tick #27
Starting tick #28
Starting tick #29
Starting tick #30
Starting tick #31
Answering call from Damian
Starting tick #32
Starting tick #33
Starting tick #34
Starting tick #35
Answering call from Carlos
Starting tick #36
Starting tick #37
