Starting tick #0
Call from John a silver member
Call from Nick a platinum member
Call from Anna a regular member
Call from Rachel a gold member
Answering call from Nick
Starting tick #1
Starting tick #2
Call from Rachel a platinum member
Call from Ned a silver member
Call from Bran a regular member
Starting tick #3
Starting tick #4
Starting tick #5
Call from Catelyn a silver member
Starting tick #6
Call from Cercei a gold member
Call from Tywin a platinum member
Answering call from Rachel
Starting tick #7
Starting tick #8
Starting tick #9
Call from Jon a platinum member
Starting tick #10
Starting tick #11
Call from Sam a regular member
Starting tick #12
Starting tick #13
Call from Davos a silver member
Starting tick #14
Starting tick #15
Starting tick #16
Starting tick #17
Call from Rickon a regular member
Starting tick #18
Starting tick #19
Starting tick #20
Starting tick #21
Call from Robb a gold member
Starting tick #22
Starting tick #23
Starting tick #24
Call from Tyrion a gold member
Call from Jaime a silver member
Starting tick #25
Starting tick #26
Call from Arya a regular member
Call from Tommon a platinum member
Answering call from Tywin
Starting tick #27
Starting tick #28
Starting tick #29
Starting tick #30
Starting tick #31
Starting tick #32
Starting tick #33
Call from Myrcella a platinum member
Starting tick #34
Call from Sansa a silver member
Starting tick #35
Starting tick #36
Starting tick #37
Starting tick #38
Starting tick #39
Starting tick #40
Answering call from Jon
Starting tick #41
Starting tick #42
Call from Robert a platinum member
Starting tick #43
Answering call from Tommon
Starting tick #44
Starting tick #45
Starting tick #46
Starting tick #47
Starting tick #48
Starting tick #49
Starting tick #50
Answering call from Myrcella
Starting tick #51
Answering call from Robert
Starting tick #52
Starting tick #53
Starting tick #54
Starting tick #55
Starting tick #56
Starting tick #57
Starting tick #58
Starting tick #59
Starting tick #60
Starting tick #61
Starting tick #62
Starting tick #63
Starting tick #64
Starting tick #65
Starting tick #66
Starting tick #67
Starting tick #68
Starting tick #69
Answering call from Rachel
Starting tick #70
Starting tick #71
Starting tick #72
Starting tick #73
Starting tick #74
Starting tick #75
Starting tick #76
Starting tick #77
Starting tick #78
Starting tick #79
Starting tick #80
Answering call from Cercei
Starting tick #81
Starting tick #82
Starting tick #83
Starting tick #84
Starting tick #85
Starting tick #86
Starting tick #87
Starting tick #88
Starting tick #89
Starting tick #90
Starting tick #91
Starting tick #92
Starting tick #93
Starting tick #94
Starting tick #95
Starting tick #96
Starting tick #97
Starting tick #98
Starting tick #99
Starting tick #100
Starting tick #101
Starting tick #102
Starting tick #103
Starting tick #104
Answering call from Robb
Starting tick #105
Starting tick #106
Starting tick #107
Starting tick #108
Starting tick #109
Starting tick #110
Starting tick #111
Starting tick #112
Answering call from Tyrion
Starting tick #113
Starting tick #114
Starting tick #115
Starting tick #116
Starting tick #117
Starting tick #118
Starting tick #119
Answering call from John
Starting tick #120
Answering call from Ned
Starting tick #121
Starting tick #122
Starting tick #123
Starting tick #124
Answering call from Catelyn
Starting tick #125
Starting tick #126
Starting tick #127
Starting tick #128
Starting tick #129
Starting tick #130
Starting tick #131
Starting tick #132
Answering call from Davos
Starting tick #133
Starting tick #134
Starting tick #135
Starting tick #136
Starting tick #137
Starting tick #138
Starting tick #139
Answering call from Jaime
Starting tick #140
Starting tick #141
Starting tick #142
Starting tick #143
Starting tick #144
Starting tick #145
Starting tick #146
Starting tick #147
Starting tick #148
Starting tick #149
Answering call from Sansa
Starting tick #150
Starting tick #151
Starting tick #152
Starting tick #153
Answering call from Anna
Starting tick #154
Starting tick #155
Starting tick #156
Starting tick #157
Starting tick #158
Answering call from Bran
Starting tick #159
Starting tick #160
Starting tick #161
Starting tick #162
Starting tick #163
Answering call from Sam
Starting tick #164
Starting tick #165
Starting tick #166
Starting tick #167
Answering call from Rickon
Starting tick #168
Starting tick #169
Starting tick #170
Answering call from Arya
Starting tick #171
Starting tick #172
Starting tick #173
Starting tick #174
Starting tick #175
Starting tick #176
Starting tick #177
Starting tick #178
Starting tick #179
Starting tick #180
Starting tick #181
Starting tick #182
Starting tick #183
Starting tick #184
Starting tick #185
Starting tick #186
Starting tick #187
Starting tick #188
Starting tick #189
Starting tick #190
Starting tick #191
Starting tick #192
Starting tick #193
Starting tick #194
Starting tick #195
Starting tick #196
Starting tick #197
Starting tick #198
Starting tick #199
Starting tick #200
Starting tick #201
Starting tick #202
Starting tick #203
Starting tick #204
Starting tick #205
Starting tick #206
Starting tick #207
Starting tick #208
Starting tick #209
Starting tick #210
Starting tick #211
Starting tick #212
Starting tick #213
Starting tick #214
Starting tick #215
Starting tick #216
Starting tick #217
Starting tick #218
Starting tick #219
Starting tick #220
Starting tick #221
Starting tick #222
Starting tick #223
Starting tick #224
Starting tick #225
Starting tick #226
Starting tick #227
Starting tick #228
Starting tick #229
Starting tick #230
Call from Sandor a regular member
Answering call from Sandor
Starting tick #231
Starting tick #232
Starting tick #233
Starting tick #234
Starting tick #235
Starting tick #236
Starting tick #237
Starting tick #238
Starting tick #239
Call from Gregor a regular member
Answering call from Gregor
Starting tick #240
