Starting tick #0
Starting tick #1
Call from Dick a gold member
Answering call from Dick
Starting tick #2
Starting tick #3
Starting tick #4
Call from Wayne a platinum member
Starting tick #5
Starting tick #6
Starting tick #7
Starting tick #8
Starting tick #9
Call from Anna a regular member
Starting tick #10
Starting tick #11
Call from Harry a regular member
Answering call from Wayne
Starting tick #12
Starting tick #13
Starting tick #14
Starting tick #15
Answering call from Anna
Starting tick #16
Call from Butch a regular member
Starting tick #17
Starting tick #18
Starting tick #19
Starting tick #20
Answering call from Harry
Starting tick #21
Starting tick #22
Call from Monica a gold member
Starting tick #23
Answering call from Monica
Starting tick #24
Starting tick #25
Starting tick #26
Call from Amanda a gold member
Call from Megan a platinum member
Starting tick #27
Starting tick #28
Answering call from Megan
Starting tick #29
Starting tick #30
Starting tick #31
Starting tick #32
Answering call from Amanda
Starting tick #33
Starting tick #34
Starting tick #35
Answering call from Butch
Starting tick #36
Starting tick #37
Starting tick #38
Starting tick #39
Starting tick #40
Starting tick #41
